display.im6: unable to open image `/home/monica/Escritorio/Practica': No existe el archivo o el directorio @ error/blob.c/OpenBlob/2641.
display.im6: no decode delegate for this image format `/home/monica/Escritorio/Practica' @ error/constitute.c/ReadImage/544.
display.im6: unable to open image `2/build-practica2-Desktop_Qt_5_5_1_GCC_32bit-Debug/practica2.png': No existe el archivo o el directorio @ error/blob.c/OpenBlob/2641.
display.im6: unable to open file `2/build-practica2-Desktop_Qt_5_5_1_GCC_32bit-Debug/practica2.png' @ error/png.c/ReadPNGImage/3667.
display.im6: unable to open image `/home/monica/Escritorio/Practica': No existe el archivo o el directorio @ error/blob.c/OpenBlob/2641.
display.im6: no decode delegate for this image format `/home/monica/Escritorio/Practica' @ error/constitute.c/ReadImage/544.
display.im6: unable to open image `2/build-Practica2-Desktop_Qt_5_5_1_GCC_32bit-Debug/practica2.png': No existe el archivo o el directorio @ error/blob.c/OpenBlob/2641.
display.im6: unable to open file `2/build-Practica2-Desktop_Qt_5_5_1_GCC_32bit-Debug/practica2.png' @ error/png.c/ReadPNGImage/3667.
display.im6: unable to open image `/home/monica/Escritorio/Practica': No existe el archivo o el directorio @ error/blob.c/OpenBlob/2641.
display.im6: no decode delegate for this image format `/home/monica/Escritorio/Practica' @ error/constitute.c/ReadImage/544.
display.im6: unable to open image `2/build-Practica2-Desktop_Qt_5_5_1_GCC_32bit-Debug/practica2.png': No existe el archivo o el directorio @ error/blob.c/OpenBlob/2641.
display.im6: unable to open file `2/build-Practica2-Desktop_Qt_5_5_1_GCC_32bit-Debug/practica2.png' @ error/png.c/ReadPNGImage/3667.
display.im6: unable to open image `/home/monica/Escritorio/Practica': No existe el archivo o el directorio @ error/blob.c/OpenBlob/2641.
display.im6: no decode delegate for this image format `/home/monica/Escritorio/Practica' @ error/constitute.c/ReadImage/544.
display.im6: unable to open image `2/build-Practica2-Desktop_Qt_5_5_1_GCC_32bit-Debug/practica2.png': No existe el archivo o el directorio @ error/blob.c/OpenBlob/2641.
display.im6: unable to open file `2/build-Practica2-Desktop_Qt_5_5_1_GCC_32bit-Debug/practica2.png' @ error/png.c/ReadPNGImage/3667.
display.im6: unable to open image `/home/monica/Escritorio/Practica': No existe el archivo o el directorio @ error/blob.c/OpenBlob/2641.
display.im6: no decode delegate for this image format `/home/monica/Escritorio/Practica' @ error/constitute.c/ReadImage/544.
display.im6: unable to open image `2/build-Practica2-Desktop_Qt_5_5_1_GCC_32bit-Debug/practica2.png': No existe el archivo o el directorio @ error/blob.c/OpenBlob/2641.
display.im6: unable to open file `2/build-Practica2-Desktop_Qt_5_5_1_GCC_32bit-Debug/practica2.png' @ error/png.c/ReadPNGImage/3667.
display.im6: unable to open image `/home/monica/Escritorio/Practica': No existe el archivo o el directorio @ error/blob.c/OpenBlob/2641.
display.im6: no decode delegate for this image format `/home/monica/Escritorio/Practica' @ error/constitute.c/ReadImage/544.
display.im6: unable to open image `2/build-Practica2-Desktop_Qt_5_5_1_GCC_32bit-Debug/practica2.png': No existe el archivo o el directorio @ error/blob.c/OpenBlob/2641.
display.im6: unable to open file `2/build-Practica2-Desktop_Qt_5_5_1_GCC_32bit-Debug/practica2.png' @ error/png.c/ReadPNGImage/3667.
display.im6: unable to open image `/home/monica/Escritorio/Practica': No existe el archivo o el directorio @ error/blob.c/OpenBlob/2641.
display.im6: no decode delegate for this image format `/home/monica/Escritorio/Practica' @ error/constitute.c/ReadImage/544.
display.im6: unable to open image `2/build-Practica2-Desktop_Qt_5_5_1_GCC_32bit-Debug/practica2.png': No existe el archivo o el directorio @ error/blob.c/OpenBlob/2641.
display.im6: unable to open file `2/build-Practica2-Desktop_Qt_5_5_1_GCC_32bit-Debug/practica2.png' @ error/png.c/ReadPNGImage/3667.
display.im6: unable to open image `/home/monica/Escritorio/Practica': No existe el archivo o el directorio @ error/blob.c/OpenBlob/2641.
display.im6: no decode delegate for this image format `/home/monica/Escritorio/Practica' @ error/constitute.c/ReadImage/544.
display.im6: unable to open image `2/build-Practica2-Desktop_Qt_5_5_1_GCC_32bit-Debug/practica2.png': No existe el archivo o el directorio @ error/blob.c/OpenBlob/2641.
display.im6: unable to open file `2/build-Practica2-Desktop_Qt_5_5_1_GCC_32bit-Debug/practica2.png' @ error/png.c/ReadPNGImage/3667.
display.im6: unable to open image `/home/monica/Escritorio/Practica': No existe el archivo o el directorio @ error/blob.c/OpenBlob/2641.
display.im6: no decode delegate for this image format `/home/monica/Escritorio/Practica' @ error/constitute.c/ReadImage/544.
display.im6: unable to open image `2/build-Practica2-Desktop_Qt_5_5_1_GCC_32bit-Debug/practica2.png': No existe el archivo o el directorio @ error/blob.c/OpenBlob/2641.
display.im6: unable to open file `2/build-Practica2-Desktop_Qt_5_5_1_GCC_32bit-Debug/practica2.png' @ error/png.c/ReadPNGImage/3667.
display.im6: unable to open image `/home/monica/Escritorio/Practica': No existe el archivo o el directorio @ error/blob.c/OpenBlob/2641.
display.im6: no decode delegate for this image format `/home/monica/Escritorio/Practica' @ error/constitute.c/ReadImage/544.
display.im6: unable to open image `2/build-Practica2-Desktop_Qt_5_5_1_GCC_32bit-Debug/practica2.png': No existe el archivo o el directorio @ error/blob.c/OpenBlob/2641.
display.im6: unable to open file `2/build-Practica2-Desktop_Qt_5_5_1_GCC_32bit-Debug/practica2.png' @ error/png.c/ReadPNGImage/3667.
display.im6: unable to open image `/home/monica/Escritorio/Practica': No existe el archivo o el directorio @ error/blob.c/OpenBlob/2641.
display.im6: no decode delegate for this image format `/home/monica/Escritorio/Practica' @ error/constitute.c/ReadImage/544.
display.im6: unable to open image `2/build-Practica2-Desktop_Qt_5_5_1_GCC_32bit-Debug/practica2.png': No existe el archivo o el directorio @ error/blob.c/OpenBlob/2641.
display.im6: unable to open file `2/build-Practica2-Desktop_Qt_5_5_1_GCC_32bit-Debug/practica2.png' @ error/png.c/ReadPNGImage/3667.
display.im6: unable to open image `/home/monica/Escritorio/Practica': No existe el archivo o el directorio @ error/blob.c/OpenBlob/2641.
display.im6: no decode delegate for this image format `/home/monica/Escritorio/Practica' @ error/constitute.c/ReadImage/544.
display.im6: unable to open image `2/build-Practica2-Desktop_Qt_5_5_1_GCC_32bit-Debug/practica2.png': No existe el archivo o el directorio @ error/blob.c/OpenBlob/2641.
display.im6: unable to open file `2/build-Practica2-Desktop_Qt_5_5_1_GCC_32bit-Debug/practica2.png' @ error/png.c/ReadPNGImage/3667.
display.im6: unable to open image `/home/monica/Escritorio/Practica': No existe el archivo o el directorio @ error/blob.c/OpenBlob/2641.
display.im6: no decode delegate for this image format `/home/monica/Escritorio/Practica' @ error/constitute.c/ReadImage/544.
display.im6: unable to open image `2/build-Practica2-Desktop_Qt_5_5_1_GCC_32bit-Debug/practica2.png': No existe el archivo o el directorio @ error/blob.c/OpenBlob/2641.
display.im6: unable to open file `2/build-Practica2-Desktop_Qt_5_5_1_GCC_32bit-Debug/practica2.png' @ error/png.c/ReadPNGImage/3667.
display.im6: unable to open image `/home/monica/Escritorio/Practica': No existe el archivo o el directorio @ error/blob.c/OpenBlob/2641.
display.im6: no decode delegate for this image format `/home/monica/Escritorio/Practica' @ error/constitute.c/ReadImage/544.
display.im6: unable to open image `2/build-Practica2-Desktop_Qt_5_5_1_GCC_32bit-Debug/practica2.png': No existe el archivo o el directorio @ error/blob.c/OpenBlob/2641.
display.im6: unable to open file `2/build-Practica2-Desktop_Qt_5_5_1_GCC_32bit-Debug/practica2.png' @ error/png.c/ReadPNGImage/3667.
display.im6: unable to open image `/home/monica/Escritorio/Practica': No existe el archivo o el directorio @ error/blob.c/OpenBlob/2641.
display.im6: no decode delegate for this image format `/home/monica/Escritorio/Practica' @ error/constitute.c/ReadImage/544.
display.im6: unable to open image `2/build-Practica2-Desktop_Qt_5_5_1_GCC_32bit-Debug/practica2.png': No existe el archivo o el directorio @ error/blob.c/OpenBlob/2641.
display.im6: unable to open file `2/build-Practica2-Desktop_Qt_5_5_1_GCC_32bit-Debug/practica2.png' @ error/png.c/ReadPNGImage/3667.
display.im6: unable to open image `/home/monica/Escritorio/Practica': No existe el archivo o el directorio @ error/blob.c/OpenBlob/2641.
display.im6: no decode delegate for this image format `/home/monica/Escritorio/Practica' @ error/constitute.c/ReadImage/544.
display.im6: unable to open image `2/build-Practica2-Desktop_Qt_5_5_1_GCC_32bit-Debug/practica2.png': No existe el archivo o el directorio @ error/blob.c/OpenBlob/2641.
display.im6: unable to open file `2/build-Practica2-Desktop_Qt_5_5_1_GCC_32bit-Debug/practica2.png' @ error/png.c/ReadPNGImage/3667.
display.im6: unable to open image `/home/monica/Escritorio/Practica': No existe el archivo o el directorio @ error/blob.c/OpenBlob/2641.
display.im6: no decode delegate for this image format `/home/monica/Escritorio/Practica' @ error/constitute.c/ReadImage/544.
display.im6: unable to open image `2/build-Practica2-Desktop_Qt_5_5_1_GCC_32bit-Debug/practica2.png': No existe el archivo o el directorio @ error/blob.c/OpenBlob/2641.
display.im6: unable to open file `2/build-Practica2-Desktop_Qt_5_5_1_GCC_32bit-Debug/practica2.png' @ error/png.c/ReadPNGImage/3667.
display.im6: unable to open image `/home/monica/Escritorio/Practica': No existe el archivo o el directorio @ error/blob.c/OpenBlob/2641.
display.im6: no decode delegate for this image format `/home/monica/Escritorio/Practica' @ error/constitute.c/ReadImage/544.
display.im6: unable to open image `2/build-Practica2-Desktop_Qt_5_5_1_GCC_32bit-Debug/practica2.png': No existe el archivo o el directorio @ error/blob.c/OpenBlob/2641.
display.im6: unable to open file `2/build-Practica2-Desktop_Qt_5_5_1_GCC_32bit-Debug/practica2.png' @ error/png.c/ReadPNGImage/3667.
display.im6: unable to open image `/home/monica/Escritorio/Practica': No existe el archivo o el directorio @ error/blob.c/OpenBlob/2641.
display.im6: no decode delegate for this image format `/home/monica/Escritorio/Practica' @ error/constitute.c/ReadImage/544.
display.im6: unable to open image `2/build-Practica2-Desktop_Qt_5_5_1_GCC_32bit-Debug/practica2.png': No existe el archivo o el directorio @ error/blob.c/OpenBlob/2641.
display.im6: unable to open file `2/build-Practica2-Desktop_Qt_5_5_1_GCC_32bit-Debug/practica2.png' @ error/png.c/ReadPNGImage/3667.
display.im6: unable to open image `/home/monica/Escritorio/Practica': No existe el archivo o el directorio @ error/blob.c/OpenBlob/2641.
display.im6: no decode delegate for this image format `/home/monica/Escritorio/Practica' @ error/constitute.c/ReadImage/544.
display.im6: unable to open image `2/build-Practica2-Desktop_Qt_5_5_1_GCC_32bit-Debug/practica2.png': No existe el archivo o el directorio @ error/blob.c/OpenBlob/2641.
display.im6: unable to open file `2/build-Practica2-Desktop_Qt_5_5_1_GCC_32bit-Debug/practica2.png' @ error/png.c/ReadPNGImage/3667.
display.im6: unable to open image `/home/monica/Escritorio/Practica': No existe el archivo o el directorio @ error/blob.c/OpenBlob/2641.
display.im6: no decode delegate for this image format `/home/monica/Escritorio/Practica' @ error/constitute.c/ReadImage/544.
display.im6: unable to open image `2/build-Practica2-Desktop_Qt_5_5_1_GCC_32bit-Debug/practica2.png': No existe el archivo o el directorio @ error/blob.c/OpenBlob/2641.
display.im6: unable to open file `2/build-Practica2-Desktop_Qt_5_5_1_GCC_32bit-Debug/practica2.png' @ error/png.c/ReadPNGImage/3667.
display.im6: unable to open image `/home/monica/Escritorio/Practica': No existe el archivo o el directorio @ error/blob.c/OpenBlob/2641.
display.im6: no decode delegate for this image format `/home/monica/Escritorio/Practica' @ error/constitute.c/ReadImage/544.
display.im6: unable to open image `2/build-Practica2-Desktop_Qt_5_5_1_GCC_32bit-Debug/practica2.png': No existe el archivo o el directorio @ error/blob.c/OpenBlob/2641.
display.im6: unable to open file `2/build-Practica2-Desktop_Qt_5_5_1_GCC_32bit-Debug/practica2.png' @ error/png.c/ReadPNGImage/3667.
display.im6: unable to open image `/home/monica/Escritorio/Practica': No existe el archivo o el directorio @ error/blob.c/OpenBlob/2641.
display.im6: no decode delegate for this image format `/home/monica/Escritorio/Practica' @ error/constitute.c/ReadImage/544.
display.im6: unable to open image `2/build-Practica2-Desktop_Qt_5_5_1_GCC_32bit-Debug/practica2.png': No existe el archivo o el directorio @ error/blob.c/OpenBlob/2641.
display.im6: unable to open file `2/build-Practica2-Desktop_Qt_5_5_1_GCC_32bit-Debug/practica2.png' @ error/png.c/ReadPNGImage/3667.
